2025-07-08 09:39:21,239 - CryptoPriceBot - INFO - Bot started.
2025-07-08 09:39:21,240 - CryptoPriceBot - INFO - Fetching USDT trading pairs...
2025-07-08 09:39:21,541 - CryptoPriceBot - INFO - Found 173 USDT pairs with volume >= 2000000
2025-07-08 09:39:21,542 - CryptoPriceBot - INFO - Checking prices for 173 pairs...
2025-07-08 09:40:04,323 - CryptoPriceBot - INFO - Status command received.
2025-07-08 09:54:59,651 - CryptoPriceBot - INFO - Fetching USDT trading pairs...
2025-07-08 09:54:59,965 - CryptoPriceBot - INFO - Found 170 USDT pairs with volume >= 2000000
2025-07-08 09:54:59,966 - CryptoPriceBot - INFO - Checking prices for 170 pairs...
2025-07-08 09:55:11,145 - CryptoPriceBot - INFO - Sent notification for FIOUSDT: +2.08% (1 times today)
2025-07-08 09:55:22,004 - CryptoPriceBot - INFO - Sent notification for REIUSDT: +7.34% (1 times today)
2025-07-08 10:16:58,361 - CryptoPriceBot - INFO - Bot started.
2025-07-08 10:16:58,362 - CryptoPriceBot - INFO - Fetching USDT trading pairs...
2025-07-08 10:16:58,654 - CryptoPriceBot - INFO - Найдено 169 пар с USDT и объемом ≥ 2000000
2025-07-08 10:16:58,656 - CryptoPriceBot - INFO - Checking prices for 169 pairs...
2025-07-08 10:32:39,215 - CryptoPriceBot - INFO - Fetching USDT trading pairs...
2025-07-08 10:32:39,557 - CryptoPriceBot - INFO - Найдено 168 пар с USDT и объемом ≥ 2000000
2025-07-08 10:32:39,558 - CryptoPriceBot - INFO - Checking prices for 168 pairs...
2025-07-08 10:32:49,421 - CryptoPriceBot - INFO - Sent notification for FIOUSDT: +2.16% (1 times today)
2025-07-08 10:32:59,787 - CryptoPriceBot - INFO - Sent notification for LOKAUSDT: +2.75% (1 times today)
2025-07-08 10:33:07,095 - CryptoPriceBot - INFO - Sent notification for VICUSDT: +3.56% (1 times today)
2025-07-08 10:48:20,260 - CryptoPriceBot - INFO - Fetching USDT trading pairs...
2025-07-08 10:48:20,582 - CryptoPriceBot - INFO - Найдено 168 пар с USDT и объемом ≥ 2000000
2025-07-08 10:48:20,583 - CryptoPriceBot - INFO - Checking prices for 168 pairs...
2025-07-08 10:48:28,567 - CryptoPriceBot - INFO - Sent notification for MDTUSDT: +4.31% (1 times today)
2025-07-08 10:48:50,036 - CryptoPriceBot - INFO - Sent notification for VICUSDT: +5.15% (2 times today)
2025-07-08 11:04:02,766 - CryptoPriceBot - INFO - Fetching USDT trading pairs...
2025-07-08 11:04:03,071 - CryptoPriceBot - INFO - Найдено 168 пар с USDT и объемом ≥ 2000000
2025-07-08 11:04:03,072 - CryptoPriceBot - INFO - Checking prices for 168 pairs...
2025-07-08 11:04:21,798 - CryptoPriceBot - INFO - Sent notification for MBOXUSDT: -2.03% (1 times today)
2025-07-08 11:04:28,194 - CryptoPriceBot - INFO - Sent notification for HFTUSDT: +2.59% (1 times today)
2025-07-08 11:04:33,092 - CryptoPriceBot - INFO - Sent notification for VICUSDT: +3.20% (3 times today)
2025-07-08 11:19:45,310 - CryptoPriceBot - INFO - Fetching USDT trading pairs...
2025-07-08 11:19:45,596 - CryptoPriceBot - INFO - Найдено 168 пар с USDT и объемом ≥ 2000000
2025-07-08 11:19:45,597 - CryptoPriceBot - INFO - Checking prices for 168 pairs...
2025-07-08 11:20:16,280 - CryptoPriceBot - INFO - Sent notification for VICUSDT: +3.04% (4 times today)
2025-07-08 11:35:29,033 - CryptoPriceBot - INFO - Fetching USDT trading pairs...
2025-07-08 11:35:29,350 - CryptoPriceBot - INFO - Найдено 168 пар с USDT и объемом ≥ 2000000
2025-07-08 11:35:29,351 - CryptoPriceBot - INFO - Checking prices for 168 pairs...
2025-07-08 11:35:58,745 - CryptoPriceBot - INFO - Sent notification for VICUSDT: +3.99% (5 times today)
2025-07-08 11:36:05,591 - CryptoPriceBot - INFO - Sent notification for 1MBABYDOGEUSDT: -2.20% (1 times today)
2025-07-08 11:40:12,514 - CryptoPriceBot - INFO - Status command received.
2025-07-08 11:51:12,485 - CryptoPriceBot - INFO - Fetching USDT trading pairs...
2025-07-08 11:51:12,790 - CryptoPriceBot - INFO - Найдено 169 пар с USDT и объемом ≥ 2000000
2025-07-08 11:51:12,791 - CryptoPriceBot - INFO - Checking prices for 169 pairs...
2025-07-08 11:51:28,945 - CryptoPriceBot - INFO - Sent notification for FISUSDT: +2.62% (1 times today)
2025-07-08 11:51:44,136 - CryptoPriceBot - INFO - Sent notification for VICUSDT: -7.21% (6 times today)
2025-07-08 11:51:51,787 - CryptoPriceBot - INFO - Sent notification for COWUSDT: +6.43% (1 times today)
2025-07-08 12:06:58,536 - CryptoPriceBot - INFO - Fetching USDT trading pairs...
2025-07-08 12:06:58,851 - CryptoPriceBot - INFO - Найдено 171 пар с USDT и объемом ≥ 2000000
2025-07-08 12:06:58,852 - CryptoPriceBot - INFO - Checking prices for 171 pairs...
2025-07-08 12:07:06,008 - CryptoPriceBot - INFO - Sent notification for MDTUSDT: +3.46% (2 times today)
2025-07-08 12:07:21,953 - CryptoPriceBot - INFO - Sent notification for LOKAUSDT: +2.92% (2 times today)
2025-07-08 12:07:30,166 - CryptoPriceBot - INFO - Sent notification for VICUSDT: +3.86% (7 times today)
2025-07-08 12:07:38,167 - CryptoPriceBot - INFO - Sent notification for COWUSDT: -5.45% (2 times today)
2025-07-08 12:22:44,452 - CryptoPriceBot - INFO - Fetching USDT trading pairs...
2025-07-08 12:22:44,781 - CryptoPriceBot - INFO - Найдено 171 пар с USDT и объемом ≥ 2000000
2025-07-08 12:22:44,782 - CryptoPriceBot - INFO - Checking prices for 171 pairs...
2025-07-08 12:23:00,758 - CryptoPriceBot - INFO - Sent notification for FISUSDT: -4.17% (2 times today)
2025-07-08 12:23:11,046 - CryptoPriceBot - INFO - Sent notification for ALPINEUSDT: +2.56% (1 times today)
2025-07-08 12:23:17,288 - CryptoPriceBot - INFO - Sent notification for TIAUSDT: -2.02% (1 times today)
2025-07-08 12:23:19,203 - CryptoPriceBot - INFO - Sent notification for VICUSDT: +3.33% (8 times today)
2025-07-08 12:23:30,535 - CryptoPriceBot - INFO - Sent notification for INITUSDT: -2.25% (1 times today)
2025-07-08 12:38:32,714 - CryptoPriceBot - INFO - Fetching USDT trading pairs...
2025-07-08 12:38:33,022 - CryptoPriceBot - INFO - Найдено 172 пар с USDT и объемом ≥ 2000000
2025-07-08 12:38:33,023 - CryptoPriceBot - INFO - Checking prices for 172 pairs...
2025-07-08 12:39:01,967 - CryptoPriceBot - INFO - Sent notification for VICUSDT: -2.00% (9 times today)
2025-07-08 12:54:14,332 - CryptoPriceBot - INFO - Fetching USDT trading pairs...
2025-07-08 12:54:14,653 - CryptoPriceBot - INFO - Найдено 172 пар с USDT и объемом ≥ 2000000
2025-07-08 12:54:14,654 - CryptoPriceBot - INFO - Checking prices for 172 pairs...
2025-07-08 12:54:23,947 - CryptoPriceBot - INFO - Sent notification for MDTUSDT: -3.83% (3 times today)
2025-07-08 12:54:38,007 - CryptoPriceBot - INFO - Sent notification for LOKAUSDT: +2.34% (3 times today)
2025-07-08 12:54:45,608 - CryptoPriceBot - INFO - Sent notification for PIVXUSDT: -3.70% (1 times today)
2025-07-08 13:09:58,181 - CryptoPriceBot - INFO - Fetching USDT trading pairs...
2025-07-08 13:09:58,513 - CryptoPriceBot - INFO - Найдено 175 пар с USDT и объемом ≥ 2000000
2025-07-08 13:09:58,515 - CryptoPriceBot - INFO - Checking prices for 175 pairs...
2025-07-08 13:10:15,144 - CryptoPriceBot - INFO - Sent notification for GTCUSDT: +2.12% (1 times today)
2025-07-08 13:10:20,077 - CryptoPriceBot - INFO - Sent notification for LOKAUSDT: +4.08% (4 times today)
2025-07-08 13:10:28,045 - CryptoPriceBot - INFO - Sent notification for PIVXUSDT: +2.33% (2 times today)
2025-07-08 13:10:38,982 - CryptoPriceBot - INFO - Sent notification for BANANAS31USDT: +2.19% (1 times today)
2025-07-08 13:25:42,443 - CryptoPriceBot - INFO - Fetching USDT trading pairs...
2025-07-08 13:25:42,762 - CryptoPriceBot - INFO - Найдено 174 пар с USDT и объемом ≥ 2000000
2025-07-08 13:25:42,763 - CryptoPriceBot - INFO - Checking prices for 174 pairs...
2025-07-08 13:25:49,700 - CryptoPriceBot - INFO - Sent notification for MDTUSDT: -2.48% (4 times today)
2025-07-08 13:25:58,508 - CryptoPriceBot - INFO - Sent notification for CKBUSDT: -2.64% (1 times today)
2025-07-08 13:26:00,007 - CryptoPriceBot - INFO - Sent notification for FISUSDT: -6.01% (3 times today)
2025-07-08 13:26:08,413 - CryptoPriceBot - INFO - Sent notification for LOKAUSDT: -3.77% (5 times today)
2025-07-08 13:26:16,439 - CryptoPriceBot - INFO - Sent notification for PIVXUSDT: +20.72% (3 times today)
2025-07-08 13:41:30,092 - CryptoPriceBot - INFO - Fetching USDT trading pairs...
2025-07-08 13:41:30,390 - CryptoPriceBot - INFO - Найдено 176 пар с USDT и объемом ≥ 2000000
2025-07-08 13:41:30,391 - CryptoPriceBot - INFO - Checking prices for 176 pairs...
2025-07-08 13:41:53,052 - CryptoPriceBot - INFO - Sent notification for LOKAUSDT: +2.12% (6 times today)
2025-07-08 13:42:00,596 - CryptoPriceBot - INFO - Sent notification for PIVXUSDT: +3.56% (4 times today)
2025-07-08 13:42:05,994 - CryptoPriceBot - INFO - Sent notification for SAGAUSDT: -2.18% (1 times today)
